[INFO ] 2025-03-31 01:23:08.429 [main] MyStoreV1 - Browser setup completed
[INFO ] 2025-03-31 01:23:12.600 [main] MyStoreV1 - url opened
[INFO ] 2025-03-31 01:23:14.028 [main] MyStoreV1 - Email ID entered
[INFO ] 2025-03-31 01:23:14.131 [main] MyStoreV1 - Password entered
[INFO ] 2025-03-31 01:23:14.258 [main] MyStoreV1 - Clicked on Sign In button.
[INFO ] 2025-03-31 01:23:15.253 [main] MyStoreV1 - Logged In Unsuccessfully
[INFO ] 2025-03-31 01:27:32.049 [main] MyStoreV1 - Browser setup completed
[INFO ] 2025-03-31 01:27:36.271 [main] MyStoreV1 - url opened
[INFO ] 2025-03-31 01:27:37.635 [main] MyStoreV1 - Email ID entered
[INFO ] 2025-03-31 01:27:37.782 [main] MyStoreV1 - Password entered
[INFO ] 2025-03-31 01:27:38.900 [main] MyStoreV1 - Clicked on Sign In button.
[INFO ] 2025-03-31 01:27:38.944 [main] MyStoreV1 - Logged In Unsuccessfully
[INFO ] 2025-03-31 01:34:43.448 [main] MyStoreV1 - Browser setup completed
[INFO ] 2025-03-31 01:34:48.683 [main] MyStoreV1 - url opened
[INFO ] 2025-03-31 01:34:50.076 [main] MyStoreV1 - Email ID entered
[INFO ] 2025-03-31 01:34:50.203 [main] MyStoreV1 - Password entered
[INFO ] 2025-03-31 01:34:50.328 [main] MyStoreV1 - Clicked on Sign In button.
[INFO ] 2025-03-31 01:34:51.381 [main] MyStoreV1 - Logged In Unsuccessfully
[INFO ] 2025-03-31 16:57:40.669 [main] MyStoreV1 - Browser setup completed
[INFO ] 2025-03-31 16:57:46.146 [main] MyStoreV1 - url opened
[INFO ] 2025-03-31 16:57:47.561 [main] MyStoreV1 - Email ID entered
[INFO ] 2025-03-31 16:57:47.661 [main] MyStoreV1 - Password entered
[INFO ] 2025-03-31 16:57:48.990 [main] MyStoreV1 - Clicked on Sign In button.
[INFO ] 2025-03-31 16:57:49.029 [main] MyStoreV1 - Logged In Successfully
[INFO ] 2025-03-31 16:59:20.788 [main] MyStoreV1 - Browser setup completed
[INFO ] 2025-03-31 17:01:31.376 [main] MyStoreV1 - Browser setup completed
[INFO ] 2025-03-31 17:01:36.296 [main] MyStoreV1 - Browser setup completed
[INFO ] 2025-03-31 17:01:42.255 [main] MyStoreV1 - url opened
[INFO ] 2025-03-31 17:01:43.880 [main] MyStoreV1 - Email ID entered
[INFO ] 2025-03-31 17:01:44.056 [main] MyStoreV1 - Password entered
[INFO ] 2025-03-31 17:01:45.436 [main] MyStoreV1 - Clicked on Sign In button.
[INFO ] 2025-03-31 17:01:45.474 [main] MyStoreV1 - Logged In Successfully
[INFO ] 2025-03-31 17:03:46.221 [main] MyStoreV1 - Browser setup completed
[INFO ] 2025-03-31 17:08:02.186 [main] MyStoreV1 - Browser setup completed
[INFO ] 2025-03-31 17:08:08.404 [main] MyStoreV1 - url opened
[INFO ] 2025-03-31 17:08:09.630 [main] MyStoreV1 - Email ID entered
[INFO ] 2025-03-31 17:08:09.722 [main] MyStoreV1 - Password entered
[INFO ] 2025-03-31 17:08:10.189 [main] MyStoreV1 - Clicked on Sign In button.
[INFO ] 2025-03-31 17:08:20.938 [main] MyStoreV1 - url opened
[INFO ] 2025-03-31 17:08:22.005 [main] MyStoreV1 - Email ID entered
[INFO ] 2025-03-31 17:08:22.107 [main] MyStoreV1 - Password entered
[INFO ] 2025-03-31 17:08:22.659 [main] MyStoreV1 - Clicked on Sign In button.
[INFO ] 2025-03-31 17:08:35.235 [main] MyStoreV1 - Browser setup completed
[INFO ] 2025-03-31 17:08:38.893 [main] MyStoreV1 - url opened
[INFO ] 2025-03-31 17:08:40.267 [main] MyStoreV1 - Email ID entered
[INFO ] 2025-03-31 17:08:40.394 [main] MyStoreV1 - Password entered
[INFO ] 2025-03-31 17:08:41.605 [main] MyStoreV1 - Clicked on Sign In button.
[INFO ] 2025-03-31 17:08:41.651 [main] MyStoreV1 - Logged In Successfully
[INFO ] 2025-03-31 17:10:48.921 [main] MyStoreV1 - Browser setup completed
[INFO ] 2025-03-31 17:10:54.323 [main] MyStoreV1 - url opened
[INFO ] 2025-03-31 17:10:55.718 [main] MyStoreV1 - Email ID entered
[INFO ] 2025-03-31 17:10:55.842 [main] MyStoreV1 - Password entered
[INFO ] 2025-03-31 17:10:56.734 [main] MyStoreV1 - Clicked on Sign In button.
[INFO ] 2025-03-31 17:11:07.399 [main] MyStoreV1 - url opened
[INFO ] 2025-03-31 17:11:08.454 [main] MyStoreV1 - Email ID entered
[INFO ] 2025-03-31 17:11:08.559 [main] MyStoreV1 - Password entered
[INFO ] 2025-03-31 17:11:09.021 [main] MyStoreV1 - Clicked on Sign In button.
[INFO ] 2025-03-31 17:13:02.714 [main] MyStoreV1 - Browser setup completed
[INFO ] 2025-03-31 17:13:08.552 [main] MyStoreV1 - url opened
[INFO ] 2025-03-31 17:13:09.838 [main] MyStoreV1 - Email ID entered
[INFO ] 2025-03-31 17:13:09.933 [main] MyStoreV1 - Password entered
[INFO ] 2025-03-31 17:13:10.683 [main] MyStoreV1 - Clicked on Sign In button.
[INFO ] 2025-03-31 17:13:21.445 [main] MyStoreV1 - url opened
[INFO ] 2025-03-31 17:13:22.641 [main] MyStoreV1 - Email ID entered
[INFO ] 2025-03-31 17:13:22.733 [main] MyStoreV1 - Password entered
[INFO ] 2025-03-31 17:13:22.851 [main] MyStoreV1 - Clicked on Sign In button.
[INFO ] 2025-03-31 17:18:07.556 [main] MyStoreV1 - Browser setup completed
[INFO ] 2025-03-31 17:18:12.701 [main] MyStoreV1 - url opened
[INFO ] 2025-03-31 17:18:13.936 [main] MyStoreV1 - Email ID entered
[INFO ] 2025-03-31 17:18:14.026 [main] MyStoreV1 - Password entered
[INFO ] 2025-03-31 17:18:14.144 [main] MyStoreV1 - Clicked on Sign In button.
[INFO ] 2025-03-31 17:18:25.461 [main] MyStoreV1 - url opened
[INFO ] 2025-03-31 17:18:26.483 [main] MyStoreV1 - Email ID entered
[INFO ] 2025-03-31 17:18:26.584 [main] MyStoreV1 - Password entered
[INFO ] 2025-03-31 17:18:27.078 [main] MyStoreV1 - Clicked on Sign In button.
[INFO ] 2025-03-31 17:25:34.124 [main] MyStoreV1 - Browser setup completed
[INFO ] 2025-03-31 17:25:40.879 [main] MyStoreV1 - url opened
[INFO ] 2025-03-31 17:25:42.146 [main] MyStoreV1 - Email ID entered
[INFO ] 2025-03-31 17:25:42.291 [main] MyStoreV1 - Password entered
[INFO ] 2025-03-31 17:25:42.801 [main] MyStoreV1 - Clicked on Sign In button.
[INFO ] 2025-03-31 17:25:53.412 [main] MyStoreV1 - url opened
[INFO ] 2025-03-31 17:25:54.533 [main] MyStoreV1 - Email ID entered
[INFO ] 2025-03-31 17:25:54.733 [main] MyStoreV1 - Password entered
[INFO ] 2025-03-31 17:25:55.398 [main] MyStoreV1 - Clicked on Sign In button.
[INFO ] 2025-03-31 17:28:53.767 [main] MyStoreV1 - Browser setup completed
[INFO ] 2025-03-31 17:29:00.837 [main] MyStoreV1 - url opened
[INFO ] 2025-03-31 17:29:02.352 [main] MyStoreV1 - Email ID entered
[INFO ] 2025-03-31 17:29:02.505 [main] MyStoreV1 - Password entered
[INFO ] 2025-03-31 17:29:03.146 [main] MyStoreV1 - Clicked on Sign In button.
[INFO ] 2025-03-31 17:29:13.976 [main] MyStoreV1 - url opened
[INFO ] 2025-03-31 17:29:15.049 [main] MyStoreV1 - Email ID entered
[INFO ] 2025-03-31 17:29:15.228 [main] MyStoreV1 - Password entered
[INFO ] 2025-03-31 17:29:15.749 [main] MyStoreV1 - Clicked on Sign In button.
[INFO ] 2025-03-31 17:31:33.048 [main] MyStoreV1 - Browser setup completed
[INFO ] 2025-03-31 17:31:38.877 [main] MyStoreV1 - url opened
[INFO ] 2025-03-31 17:31:40.162 [main] MyStoreV1 - Email ID entered
[INFO ] 2025-03-31 17:31:40.290 [main] MyStoreV1 - Password entered
[INFO ] 2025-03-31 17:31:40.418 [main] MyStoreV1 - Clicked on Sign In button.
[INFO ] 2025-03-31 17:31:52.054 [main] MyStoreV1 - url opened
[INFO ] 2025-03-31 17:31:53.152 [main] MyStoreV1 - Email ID entered
[INFO ] 2025-03-31 17:31:53.308 [main] MyStoreV1 - Password entered
[INFO ] 2025-03-31 17:31:53.419 [main] MyStoreV1 - Clicked on Sign In button.
[INFO ] 2025-03-31 17:32:46.759 [main] MyStoreV1 - Browser setup completed
[INFO ] 2025-03-31 17:32:52.250 [main] MyStoreV1 - url opened
[INFO ] 2025-03-31 17:32:53.706 [main] MyStoreV1 - Email ID entered
[INFO ] 2025-03-31 17:32:53.824 [main] MyStoreV1 - Password entered
[INFO ] 2025-03-31 17:32:55.055 [main] MyStoreV1 - Clicked on Sign In button.
[INFO ] 2025-03-31 17:32:55.105 [main] MyStoreV1 - Logged In Successfully
[INFO ] 2025-03-31 17:33:06.415 [main] MyStoreV1 - url opened
[INFO ] 2025-03-31 17:38:17.280 [main] MyStoreV1 - Browser setup completed
[INFO ] 2025-03-31 17:38:21.898 [main] MyStoreV1 - URL opened
[INFO ] 2025-03-31 17:38:23.181 [main] MyStoreV1 - SignUp/LogIn Page Opened.
[INFO ] 2025-03-31 17:38:23.515 [main] MyStoreV1 - Email submitted
[INFO ] 2025-03-31 17:38:31.841 [main] MyStoreV1 - New User Registered!
[INFO ] 2025-03-31 17:39:26.354 [main] MyStoreV1 - Browser setup completed
[INFO ] 2025-03-31 17:39:30.341 [main] MyStoreV1 - URL opened
[INFO ] 2025-03-31 17:39:31.892 [main] MyStoreV1 - SignUp/LogIn Page Opened.
[INFO ] 2025-03-31 17:39:32.200 [main] MyStoreV1 - Email submitted
[INFO ] 2025-03-31 17:39:40.006 [main] MyStoreV1 - New User Registered!
[INFO ] 2025-03-31 17:40:01.640 [main] MyStoreV1 - Browser setup completed
[INFO ] 2025-03-31 17:40:09.631 [main] MyStoreV1 - url opened
[INFO ] 2025-03-31 17:40:11.693 [main] MyStoreV1 - Email ID entered
[INFO ] 2025-03-31 17:40:11.879 [main] MyStoreV1 - Password entered
[INFO ] 2025-03-31 17:40:12.061 [main] MyStoreV1 - Clicked on Sign In button.
[INFO ] 2025-03-31 17:40:13.349 [main] MyStoreV1 - Logged In Successfully
[INFO ] 2025-03-31 17:40:24.272 [main] MyStoreV1 - url opened
[INFO ] 2025-03-31 17:43:29.523 [main] MyStoreV1 - Browser setup completed
[INFO ] 2025-03-31 17:43:35.433 [main] MyStoreV1 - url opened
[INFO ] 2025-03-31 17:43:36.781 [main] MyStoreV1 - Email ID entered
[INFO ] 2025-03-31 17:43:36.911 [main] MyStoreV1 - Password entered
[INFO ] 2025-03-31 17:43:38.149 [main] MyStoreV1 - Clicked on Sign In button.
[INFO ] 2025-03-31 17:43:38.189 [main] MyStoreV1 - Logged In Successfully
[INFO ] 2025-03-31 17:43:42.618 [main] MyStoreV1 - Logged Out successfully
[INFO ] 2025-03-31 17:43:43.326 [main] MyStoreV1 - url opened
[INFO ] 2025-03-31 17:43:44.563 [main] MyStoreV1 - Email ID entered
[INFO ] 2025-03-31 17:43:44.748 [main] MyStoreV1 - Password entered
[INFO ] 2025-03-31 17:43:45.817 [main] MyStoreV1 - Clicked on Sign In button.
[INFO ] 2025-03-31 17:43:45.883 [main] MyStoreV1 - Logged In Successfully
[INFO ] 2025-03-31 17:43:50.124 [main] MyStoreV1 - Logged Out successfully
[INFO ] 2025-03-31 19:26:27.601 [main] MyStoreV1 - Browser setup completed
[INFO ] 2025-03-31 19:26:30.142 [main] MyStoreV1 - 
***************TestCase verifyAddToWishlistWithoutLogin started*****************
[INFO ] 2025-03-31 19:30:55.133 [main] MyStoreV1 - Browser setup completed
[INFO ] 2025-03-31 19:30:55.232 [main] MyStoreV1 - 
***************TestCase Buy Product started*****************
[INFO ] 2025-03-31 19:31:05.400 [main] MyStoreV1 - 
***************TestCase Search Product started*****************
[INFO ] 2025-03-31 19:31:15.448 [main] MyStoreV1 - 
***************TestCase verifyAddToWishlistWithoutLogin started*****************
[INFO ] 2025-03-31 19:32:48.914 [main] MyStoreV1 - Browser setup completed
[INFO ] 2025-03-31 19:32:48.966 [main] MyStoreV1 - 
***************TestCase Buy Product started*****************
[INFO ] 2025-03-31 19:33:01.009 [main] MyStoreV1 - 
***************TestCase Search Product started*****************
[INFO ] 2025-03-31 19:33:06.352 [main] MyStoreV1 - User Email and Password entered.
[INFO ] 2025-03-31 19:33:08.418 [main] MyStoreV1 - Sign In link clicked
[INFO ] 2025-03-31 19:33:10.842 [main] MyStoreV1 - Search Product testcase - Passed
[INFO ] 2025-03-31 19:33:13.176 [main] MyStoreV1 - ***************TestCase Search Product ends*****************
[INFO ] 2025-03-31 19:33:13.181 [main] MyStoreV1 - 
***************TestCase verifyAddToWishlistWithoutLogin started*****************
[INFO ] 2025-03-31 19:36:19.656 [main] MyStoreV1 - Browser setup completed
[INFO ] 2025-03-31 19:36:19.695 [main] MyStoreV1 - 
***************TestCase Buy Product started*****************
[INFO ] 2025-03-31 19:36:21.297 [main] MyStoreV1 - User Email and Password entered.
[INFO ] 2025-03-31 19:36:23.149 [main] MyStoreV1 - Sign In link clicked
[INFO ] 2025-03-31 19:36:23.326 [main] MyStoreV1 - T-shirt entered in search box
[INFO ] 2025-03-31 19:36:24.579 [main] MyStoreV1 - clicked on search button
[INFO ] 2025-03-31 19:36:34.669 [main] MyStoreV1 - 
***************TestCase Search Product started*****************
[INFO ] 2025-03-31 19:36:44.710 [main] MyStoreV1 - 
***************TestCase verifyAddToWishlistWithoutLogin started*****************
[INFO ] 2025-03-31 19:40:17.852 [main] MyStoreV1 - Browser setup completed
[INFO ] 2025-03-31 19:40:17.903 [main] MyStoreV1 - 
***************TestCase Buy Product started*****************
[INFO ] 2025-03-31 19:40:23.402 [main] MyStoreV1 - Url opened
[INFO ] 2025-03-31 19:40:24.795 [main] MyStoreV1 - User Email and Password entered.
[INFO ] 2025-03-31 19:40:26.350 [main] MyStoreV1 - Sign In link clicked
[INFO ] 2025-03-31 19:40:26.493 [main] MyStoreV1 - T-shirt entered in search box
[INFO ] 2025-03-31 19:40:27.818 [main] MyStoreV1 - clicked on search button
[INFO ] 2025-03-31 19:40:38.686 [main] MyStoreV1 - Url opened
[INFO ] 2025-03-31 19:40:38.686 [main] MyStoreV1 - 
***************TestCase Search Product started*****************
[INFO ] 2025-03-31 19:40:49.459 [main] MyStoreV1 - Url opened
[INFO ] 2025-03-31 19:40:49.459 [main] MyStoreV1 - 
***************TestCase verifyAddToWishlistWithoutLogin started*****************
[INFO ] 2025-03-31 19:43:22.627 [main] MyStoreV1 - Browser setup completed
[INFO ] 2025-03-31 19:43:22.654 [main] MyStoreV1 - 
***************TestCase Buy Product started*****************
[INFO ] 2025-03-31 19:43:27.334 [main] MyStoreV1 - Url opened
[INFO ] 2025-03-31 19:43:28.735 [main] MyStoreV1 - User Email and Password entered.
[INFO ] 2025-03-31 19:43:29.864 [main] MyStoreV1 - Sign In link clicked
[INFO ] 2025-03-31 19:43:30.011 [main] MyStoreV1 - T-shirt entered in search box
[INFO ] 2025-03-31 19:43:30.131 [main] MyStoreV1 - clicked on search button
[INFO ] 2025-03-31 19:43:43.443 [main] MyStoreV1 - Browser setup completed
[INFO ] 2025-03-31 19:43:47.722 [main] MyStoreV1 - Url opened
[INFO ] 2025-03-31 19:43:47.722 [main] MyStoreV1 - 
***************TestCase Search Product started*****************
[INFO ] 2025-03-31 19:43:48.972 [main] MyStoreV1 - User Email and Password entered.
[INFO ] 2025-03-31 19:43:50.176 [main] MyStoreV1 - Sign In link clicked
[INFO ] 2025-03-31 19:43:51.548 [main] MyStoreV1 - Search Product testcase - Passed
[INFO ] 2025-03-31 19:43:52.575 [main] MyStoreV1 - ***************TestCase Search Product ends*****************
[INFO ] 2025-03-31 19:43:54.593 [main] MyStoreV1 - Browser setup completed
[INFO ] 2025-03-31 19:43:58.469 [main] MyStoreV1 - Url opened
[INFO ] 2025-03-31 19:43:58.470 [main] MyStoreV1 - 
***************TestCase verifyAddToWishlistWithoutLogin started*****************
[INFO ] 2025-03-31 19:47:39.293 [main] MyStoreV1 - Browser setup completed
[INFO ] 2025-03-31 19:47:43.333 [main] MyStoreV1 - url opened
[INFO ] 2025-03-31 19:47:44.831 [main] MyStoreV1 - Email ID entered
[INFO ] 2025-03-31 19:47:44.955 [main] MyStoreV1 - Password entered
[INFO ] 2025-03-31 19:47:46.237 [main] MyStoreV1 - Clicked on Sign In button.
[INFO ] 2025-03-31 19:47:46.283 [main] MyStoreV1 - Logged In Successfully
[INFO ] 2025-03-31 19:47:50.947 [main] MyStoreV1 - Logged Out successfully
[INFO ] 2025-03-31 19:47:54.555 [main] MyStoreV1 - Browser setup completed
[INFO ] 2025-03-31 19:47:59.106 [main] MyStoreV1 - url opened
[INFO ] 2025-03-31 19:48:00.644 [main] MyStoreV1 - Email ID entered
[INFO ] 2025-03-31 19:48:00.796 [main] MyStoreV1 - Password entered
[INFO ] 2025-03-31 19:48:00.908 [main] MyStoreV1 - Clicked on Sign In button.
[INFO ] 2025-03-31 19:48:02.258 [main] MyStoreV1 - Logged In Successfully
[INFO ] 2025-03-31 19:48:07.593 [main] MyStoreV1 - Logged Out successfully
[INFO ] 2025-03-31 19:48:10.001 [main] MyStoreV1 - Browser setup completed
[INFO ] 2025-03-31 19:48:10.005 [main] MyStoreV1 - 
***************TestCase Buy Product started*****************
[INFO ] 2025-03-31 19:48:15.984 [main] MyStoreV1 - Url opened
[INFO ] 2025-03-31 19:48:17.481 [main] MyStoreV1 - User Email and Password entered.
[INFO ] 2025-03-31 19:48:18.847 [main] MyStoreV1 - Sign In link clicked
[INFO ] 2025-03-31 19:48:19.013 [main] MyStoreV1 - T-shirt entered in search box
[INFO ] 2025-03-31 19:48:19.643 [main] MyStoreV1 - clicked on search button
[INFO ] 2025-03-31 19:48:32.267 [main] MyStoreV1 - Browser setup completed
[INFO ] 2025-03-31 19:48:38.590 [main] MyStoreV1 - Url opened
[INFO ] 2025-03-31 19:48:38.591 [main] MyStoreV1 - 
***************TestCase Search Product started*****************
[INFO ] 2025-03-31 19:48:41.164 [main] MyStoreV1 - User Email and Password entered.
[INFO ] 2025-03-31 19:48:43.003 [main] MyStoreV1 - Sign In link clicked
[INFO ] 2025-03-31 19:48:45.265 [main] MyStoreV1 - Search Product testcase - Passed
[INFO ] 2025-03-31 19:48:46.965 [main] MyStoreV1 - ***************TestCase Search Product ends*****************
[INFO ] 2025-03-31 19:48:48.737 [main] MyStoreV1 - Browser setup completed
[INFO ] 2025-03-31 19:48:53.901 [main] MyStoreV1 - Url opened
[INFO ] 2025-03-31 19:48:53.901 [main] MyStoreV1 - 
***************TestCase verifyAddToWishlistWithoutLogin started*****************
[INFO ] 2025-03-31 19:57:21.396 [main] MyStoreV1 - Browser setup completed
[INFO ] 2025-03-31 19:57:26.148 [main] MyStoreV1 - url opened
[INFO ] 2025-03-31 19:57:27.901 [main] MyStoreV1 - Email ID entered
[INFO ] 2025-03-31 19:57:28.037 [main] MyStoreV1 - Password entered
[INFO ] 2025-03-31 19:57:29.142 [main] MyStoreV1 - Clicked on Sign In button.
[INFO ] 2025-03-31 19:57:29.231 [main] MyStoreV1 - Logged In Successfully
[INFO ] 2025-03-31 19:57:33.863 [main] MyStoreV1 - Logged Out successfully
[INFO ] 2025-03-31 19:57:37.920 [main] MyStoreV1 - Browser setup completed
[INFO ] 2025-03-31 19:57:41.968 [main] MyStoreV1 - url opened
[INFO ] 2025-03-31 19:57:43.556 [main] MyStoreV1 - Email ID entered
[INFO ] 2025-03-31 19:57:43.697 [main] MyStoreV1 - Password entered
[INFO ] 2025-03-31 19:57:43.815 [main] MyStoreV1 - Clicked on Sign In button.
[INFO ] 2025-03-31 19:57:44.870 [main] MyStoreV1 - Logged In Successfully
[INFO ] 2025-03-31 19:57:49.038 [main] MyStoreV1 - Logged Out successfully
[INFO ] 2025-03-31 19:57:51.324 [main] MyStoreV1 - Browser setup completed
[INFO ] 2025-03-31 19:57:51.340 [main] MyStoreV1 - 
***************TestCase Buy Product started*****************
[INFO ] 2025-03-31 19:57:56.420 [main] MyStoreV1 - Url opened
[INFO ] 2025-03-31 19:57:58.097 [main] MyStoreV1 - User Email and Password entered.
[INFO ] 2025-03-31 19:57:59.673 [main] MyStoreV1 - Sign In link clicked
[INFO ] 2025-03-31 19:57:59.784 [main] MyStoreV1 - T-shirt entered in search box
[INFO ] 2025-03-31 19:57:59.965 [main] MyStoreV1 - clicked on search button
[INFO ] 2025-03-31 19:58:12.977 [main] MyStoreV1 - Browser setup completed
[INFO ] 2025-03-31 19:58:18.501 [main] MyStoreV1 - Url opened
[INFO ] 2025-03-31 19:58:18.501 [main] MyStoreV1 - 
***************TestCase Search Product started*****************
[INFO ] 2025-03-31 19:58:19.893 [main] MyStoreV1 - User Email and Password entered.
[INFO ] 2025-03-31 19:58:20.177 [main] MyStoreV1 - Sign In link clicked
[INFO ] 2025-03-31 19:58:22.695 [main] MyStoreV1 - Search Product testcase - Passed
[INFO ] 2025-03-31 19:58:23.763 [main] MyStoreV1 - ***************TestCase Search Product ends*****************
[INFO ] 2025-03-31 19:58:26.054 [main] MyStoreV1 - Browser setup completed
[INFO ] 2025-03-31 19:58:29.848 [main] MyStoreV1 - Url opened
[INFO ] 2025-03-31 19:58:29.850 [main] MyStoreV1 - 
***************TestCase verifyAddToWishlistWithoutLogin started*****************
[INFO ] 2025-03-31 20:02:13.025 [main] MyStoreV1 - Browser setup completed
[INFO ] 2025-03-31 20:02:19.454 [main] MyStoreV1 - url opened
[INFO ] 2025-03-31 20:02:21.132 [main] MyStoreV1 - Email ID entered
[INFO ] 2025-03-31 20:02:21.354 [main] MyStoreV1 - Password entered
[INFO ] 2025-03-31 20:02:22.651 [main] MyStoreV1 - Clicked on Sign In button.
[INFO ] 2025-03-31 20:02:22.702 [main] MyStoreV1 - Logged In Successfully
[INFO ] 2025-03-31 20:02:27.017 [main] MyStoreV1 - Logged Out successfully
[INFO ] 2025-03-31 20:02:29.470 [main] MyStoreV1 - Browser setup completed
[INFO ] 2025-03-31 20:02:34.081 [main] MyStoreV1 - url opened
[INFO ] 2025-03-31 20:02:35.346 [main] MyStoreV1 - Email ID entered
[INFO ] 2025-03-31 20:02:35.522 [main] MyStoreV1 - Password entered
[INFO ] 2025-03-31 20:02:36.831 [main] MyStoreV1 - Clicked on Sign In button.
[INFO ] 2025-03-31 20:02:37.040 [main] MyStoreV1 - Logged In Successfully
[INFO ] 2025-03-31 20:02:41.672 [main] MyStoreV1 - Logged Out successfully
[INFO ] 2025-03-31 20:02:46.381 [main] MyStoreV1 - Browser setup completed
[INFO ] 2025-03-31 20:02:46.387 [main] MyStoreV1 - 
***************TestCase Buy Product started*****************
[INFO ] 2025-03-31 20:02:51.281 [main] MyStoreV1 - Url opened
[INFO ] 2025-03-31 20:02:53.168 [main] MyStoreV1 - User Email and Password entered.
[INFO ] 2025-03-31 20:02:55.014 [main] MyStoreV1 - Sign In link clicked
[INFO ] 2025-03-31 20:02:55.192 [main] MyStoreV1 - T-shirt entered in search box
[INFO ] 2025-03-31 20:02:56.823 [main] MyStoreV1 - clicked on search button
[INFO ] 2025-03-31 20:03:09.478 [main] MyStoreV1 - Browser setup completed
[INFO ] 2025-03-31 20:03:15.123 [main] MyStoreV1 - Url opened
[INFO ] 2025-03-31 20:03:15.124 [main] MyStoreV1 - 
***************TestCase Search Product started*****************
[INFO ] 2025-03-31 20:03:16.699 [main] MyStoreV1 - User Email and Password entered.
[INFO ] 2025-03-31 20:03:18.245 [main] MyStoreV1 - Sign In link clicked
[INFO ] 2025-03-31 20:03:19.790 [main] MyStoreV1 - Search Product testcase - Passed
[INFO ] 2025-03-31 20:03:20.936 [main] MyStoreV1 - ***************TestCase Search Product ends*****************
[INFO ] 2025-03-31 20:03:23.652 [main] MyStoreV1 - Browser setup completed
[INFO ] 2025-03-31 20:03:28.219 [main] MyStoreV1 - Url opened
[INFO ] 2025-03-31 20:03:28.221 [main] MyStoreV1 - 
***************TestCase verifyAddToWishlistWithoutLogin started*****************
[INFO ] 2025-03-31 21:29:31.253 [main] MyStoreV1 - Browser setup completed
[INFO ] 2025-03-31 21:29:36.896 [main] MyStoreV1 - url opened
[INFO ] 2025-03-31 21:29:39.430 [main] MyStoreV1 - Email ID entered
[INFO ] 2025-03-31 21:29:39.610 [main] MyStoreV1 - Password entered
[INFO ] 2025-03-31 21:29:40.969 [main] MyStoreV1 - Clicked on Sign In button.
[INFO ] 2025-03-31 21:29:41.477 [main] MyStoreV1 - Logged In Successfully
[INFO ] 2025-03-31 21:29:46.383 [main] MyStoreV1 - Logged Out successfully
[INFO ] 2025-03-31 21:29:50.222 [main] MyStoreV1 - Browser setup completed
[INFO ] 2025-03-31 21:29:55.947 [main] MyStoreV1 - url opened
[INFO ] 2025-03-31 21:29:57.425 [main] MyStoreV1 - Email ID entered
[INFO ] 2025-03-31 21:29:57.568 [main] MyStoreV1 - Password entered
[INFO ] 2025-03-31 21:29:58.866 [main] MyStoreV1 - Clicked on Sign In button.
[INFO ] 2025-03-31 21:29:58.906 [main] MyStoreV1 - Logged In Successfully
[INFO ] 2025-03-31 21:30:03.216 [main] MyStoreV1 - Logged Out successfully
[INFO ] 2025-03-31 21:30:04.924 [main] MyStoreV1 - Browser setup completed
[INFO ] 2025-03-31 21:30:04.925 [main] MyStoreV1 - 
***************TestCase Buy Product started*****************
[INFO ] 2025-03-31 21:30:09.754 [main] MyStoreV1 - Url opened
[INFO ] 2025-03-31 21:30:11.424 [main] MyStoreV1 - User Email and Password entered.
[INFO ] 2025-03-31 21:30:12.703 [main] MyStoreV1 - Sign In link clicked
[INFO ] 2025-03-31 21:30:12.823 [main] MyStoreV1 - T-shirt entered in search box
[INFO ] 2025-03-31 21:30:12.977 [main] MyStoreV1 - clicked on search button
[INFO ] 2025-03-31 21:30:29.238 [main] MyStoreV1 - Browser setup completed
[INFO ] 2025-03-31 21:30:33.890 [main] MyStoreV1 - Url opened
[INFO ] 2025-03-31 21:30:33.890 [main] MyStoreV1 - 
***************TestCase Search Product started*****************
[INFO ] 2025-03-31 21:30:35.555 [main] MyStoreV1 - User Email and Password entered.
[INFO ] 2025-03-31 21:30:35.872 [main] MyStoreV1 - Sign In link clicked
[INFO ] 2025-03-31 21:30:39.832 [main] MyStoreV1 - Browser setup completed
[INFO ] 2025-03-31 21:30:43.950 [main] MyStoreV1 - Url opened
[INFO ] 2025-03-31 21:30:43.950 [main] MyStoreV1 - 
***************TestCase verifyAddToWishlistWithoutLogin started*****************
[INFO ] 2025-03-31 21:43:53.191 [main] MyStoreV1 - Browser setup completed
[INFO ] 2025-03-31 21:43:54.212 [main] MyStoreV1 - url opened
[INFO ] 2025-03-31 21:43:58.728 [main] MyStoreV1 - Email ID entered
[INFO ] 2025-03-31 21:43:58.899 [main] MyStoreV1 - Password entered
[INFO ] 2025-03-31 21:44:00.107 [main] MyStoreV1 - Clicked on Sign In button.
[INFO ] 2025-03-31 21:44:00.191 [main] MyStoreV1 - Logged In Successfully
[INFO ] 2025-03-31 21:44:04.320 [main] MyStoreV1 - Logged Out successfully
[INFO ] 2025-03-31 21:44:09.714 [main] MyStoreV1 - Browser setup completed
[INFO ] 2025-03-31 21:44:13.229 [main] MyStoreV1 - url opened
[INFO ] 2025-03-31 21:44:14.236 [main] MyStoreV1 - Email ID entered
[INFO ] 2025-03-31 21:44:14.353 [main] MyStoreV1 - Password entered
[INFO ] 2025-03-31 21:44:15.295 [main] MyStoreV1 - Clicked on Sign In button.
[INFO ] 2025-03-31 21:44:15.330 [main] MyStoreV1 - Logged In Successfully
[INFO ] 2025-03-31 21:44:19.292 [main] MyStoreV1 - Logged Out successfully
[INFO ] 2025-03-31 21:44:20.818 [main] MyStoreV1 - Browser setup completed
[INFO ] 2025-03-31 21:44:20.819 [main] MyStoreV1 - 
***************TestCase Buy Product started*****************
[INFO ] 2025-03-31 21:44:24.448 [main] MyStoreV1 - Url opened
[INFO ] 2025-03-31 21:44:26.478 [main] MyStoreV1 - User Email and Password entered.
[INFO ] 2025-03-31 21:44:29.028 [main] MyStoreV1 - Sign In link clicked
[INFO ] 2025-03-31 21:44:29.365 [main] MyStoreV1 - T-shirt entered in search box
[INFO ] 2025-03-31 21:44:30.636 [main] MyStoreV1 - clicked on search button
[INFO ] 2025-03-31 21:44:32.157 [main] MyStoreV1 - Clicked on more button
[INFO ] 2025-03-31 21:44:48.632 [main] MyStoreV1 - Browser setup completed
[INFO ] 2025-03-31 21:44:52.776 [main] MyStoreV1 - Url opened
[INFO ] 2025-03-31 21:44:52.777 [main] MyStoreV1 - 
***************TestCase Search Product started*****************
[INFO ] 2025-03-31 21:44:53.837 [main] MyStoreV1 - User Email and Password entered.
[INFO ] 2025-03-31 21:44:54.905 [main] MyStoreV1 - Sign In link clicked
[INFO ] 2025-03-31 21:44:56.235 [main] MyStoreV1 - Search Product testcase - Passed
[INFO ] 2025-03-31 21:44:57.234 [main] MyStoreV1 - ***************TestCase Search Product ends*****************
[INFO ] 2025-03-31 21:44:59.416 [main] MyStoreV1 - Browser setup completed
[INFO ] 2025-03-31 21:45:03.435 [main] MyStoreV1 - Url opened
[INFO ] 2025-03-31 21:45:03.436 [main] MyStoreV1 - 
***************TestCase verifyAddToWishlistWithoutLogin started*****************
[INFO ] 2025-03-31 21:51:53.064 [main] MyStoreV1 - Browser setup completed
[INFO ] 2025-03-31 21:51:54.480 [main] MyStoreV1 - url opened
[INFO ] 2025-03-31 21:51:59.918 [main] MyStoreV1 - Email ID entered
[INFO ] 2025-03-31 21:52:00.338 [main] MyStoreV1 - Password entered
[INFO ] 2025-03-31 21:52:01.991 [main] MyStoreV1 - Clicked on Sign In button.
[INFO ] 2025-03-31 21:52:02.204 [main] MyStoreV1 - Logged In Successfully
[INFO ] 2025-03-31 21:52:07.195 [main] MyStoreV1 - Logged Out successfully
[INFO ] 2025-03-31 21:52:12.224 [main] MyStoreV1 - Browser setup completed
[INFO ] 2025-03-31 21:52:14.495 [main] MyStoreV1 - url opened
[INFO ] 2025-03-31 21:52:21.388 [main] MyStoreV1 - Email ID entered
[INFO ] 2025-03-31 21:52:21.627 [main] MyStoreV1 - Password entered
[INFO ] 2025-03-31 21:52:23.825 [main] MyStoreV1 - Clicked on Sign In button.
[INFO ] 2025-03-31 21:52:23.947 [main] MyStoreV1 - Logged In Successfully
[INFO ] 2025-03-31 21:52:28.497 [main] MyStoreV1 - Logged Out successfully
[INFO ] 2025-03-31 21:52:31.137 [main] MyStoreV1 - Browser setup completed
[INFO ] 2025-03-31 21:52:31.141 [main] MyStoreV1 - 
***************TestCase Buy Product started*****************
[INFO ] 2025-03-31 21:52:34.958 [main] MyStoreV1 - Url opened
[INFO ] 2025-03-31 21:52:36.365 [main] MyStoreV1 - User Email and Password entered.
[INFO ] 2025-03-31 21:52:37.666 [main] MyStoreV1 - Sign In link clicked
[INFO ] 2025-03-31 21:52:37.834 [main] MyStoreV1 - T-shirt entered in search box
[INFO ] 2025-03-31 21:52:38.485 [main] MyStoreV1 - clicked on search button
[INFO ] 2025-03-31 21:52:40.556 [main] MyStoreV1 - Clicked on more button
[INFO ] 2025-03-31 21:52:56.661 [main] MyStoreV1 - Browser setup completed
[INFO ] 2025-03-31 21:53:00.845 [main] MyStoreV1 - Url opened
[INFO ] 2025-03-31 21:53:00.845 [main] MyStoreV1 - 
***************TestCase Search Product started*****************
[INFO ] 2025-03-31 21:53:02.041 [main] MyStoreV1 - User Email and Password entered.
[INFO ] 2025-03-31 21:53:03.395 [main] MyStoreV1 - Sign In link clicked
[INFO ] 2025-03-31 21:53:04.479 [main] MyStoreV1 - Search Product testcase - Passed
[INFO ] 2025-03-31 21:53:05.626 [main] MyStoreV1 - ***************TestCase Search Product ends*****************
[INFO ] 2025-03-31 21:53:07.082 [main] MyStoreV1 - Browser setup completed
[INFO ] 2025-03-31 21:53:12.090 [main] MyStoreV1 - Url opened
[INFO ] 2025-03-31 21:53:12.090 [main] MyStoreV1 - 
***************TestCase verifyAddToWishlistWithoutLogin started*****************
